{"E:\\PROJECTS\\REACT-NATIVE-PROJECTS\\DeutschEnglischTranslate\\src\\Index.tsx": {"path":"E:\\PROJECTS\\REACT-NATIVE-PROJECTS\\DeutschEnglischTranslate\\src\\Index.tsx","statementMap":{"0":{"start":{"line":1,"column":0},"end":{"line":1,"column":47}},"1":{"start":{"line":2,"column":0},"end":{"line":2,"column":70}},"2":{"start":{"line":3,"column":0},"end":{"line":3,"column":36}},"3":{"start":{"line":4,"column":0},"end":{"line":4,"column":40}},"4":{"start":{"line":5,"column":0},"end":{"line":5,"column":48}},"5":{"start":{"line":9,"column":40},"end":{"line":21,"column":1}},"6":{"start":{"line":10,"column":2},"end":{"line":20,"column":null}},"7":{"start":{"line":23,"column":15},"end":{"line":26,"column":2}},"8":{"start":{"line":28,"column":0},"end":{"line":28,"column":null}}},"fnMap":{"0":{"name":"(anonymous_0)","decl":{"start":{"line":9,"column":40},"end":{"line":9,"column":43}},"loc":{"start":{"line":9,"column":45},"end":{"line":21,"column":1}}}},"branchMap":{},"s":{"0":1,"1":1,"2":1,"3":1,"4":1,"5":1,"6":0,"7":1,"8":1},"f":{"0":0},"b":{}}
,"E:\\PROJECTS\\REACT-NATIVE-PROJECTS\\DeutschEnglischTranslate\\src\\components\\Body.tsx": {"path":"E:\\PROJECTS\\REACT-NATIVE-PROJECTS\\DeutschEnglischTranslate\\src\\components\\Body.tsx","statementMap":{"0":{"start":{"line":1,"column":0},"end":{"line":1,"column":46}},"1":{"start":{"line":2,"column":0},"end":{"line":2,"column":39}},"2":{"start":{"line":6,"column":39},"end":{"line":14,"column":1}},"3":{"start":{"line":7,"column":2},"end":{"line":13,"column":null}},"4":{"start":{"line":16,"column":0},"end":{"line":16,"column":null}}},"fnMap":{"0":{"name":"(anonymous_0)","decl":{"start":{"line":6,"column":39},"end":{"line":6,"column":40}},"loc":{"start":{"line":6,"column":49},"end":{"line":14,"column":1}}}},"branchMap":{},"s":{"0":1,"1":1,"2":1,"3":0,"4":1},"f":{"0":0},"b":{}}
,"E:\\PROJECTS\\REACT-NATIVE-PROJECTS\\DeutschEnglischTranslate\\src\\components\\Header.tsx": {"path":"E:\\PROJECTS\\REACT-NATIVE-PROJECTS\\DeutschEnglischTranslate\\src\\components\\Header.tsx","statementMap":{"0":{"start":{"line":1,"column":0},"end":{"line":1,"column":47}},"1":{"start":{"line":2,"column":0},"end":{"line":2,"column":52}},"2":{"start":{"line":3,"column":0},"end":{"line":3,"column":71}},"3":{"start":{"line":9,"column":41},"end":{"line":15,"column":1}},"4":{"start":{"line":9,"column":53},"end":{"line":9,"column":55}},"5":{"start":{"line":9,"column":55},"end":{"line":9,"column":63}},"6":{"start":{"line":10,"column":2},"end":{"line":14,"column":null}},"7":{"start":{"line":17,"column":15},"end":{"line":32,"column":2}},"8":{"start":{"line":34,"column":0},"end":{"line":34,"column":null}}},"fnMap":{"0":{"name":"(anonymous_1)","decl":{"start":{"line":9,"column":41},"end":{"line":9,"column":42}},"loc":{"start":{"line":9,"column":68},"end":{"line":15,"column":1}}}},"branchMap":{},"s":{"0":1,"1":1,"2":1,"3":1,"4":0,"5":0,"6":0,"7":1,"8":1},"f":{"0":0},"b":{}}
,"E:\\PROJECTS\\REACT-NATIVE-PROJECTS\\DeutschEnglischTranslate\\src\\styles\\constants.tsx": {"path":"E:\\PROJECTS\\REACT-NATIVE-PROJECTS\\DeutschEnglischTranslate\\src\\styles\\constants.tsx","statementMap":{"0":{"start":{"line":1,"column":13},"end":{"line":1,"column":46}},"1":{"start":{"line":2,"column":13},"end":{"line":2,"column":52}}},"fnMap":{},"branchMap":{},"s":{"0":1,"1":1},"f":{},"b":{}}
}
